2021-01-28 17:10:58,685 2021-01-28 17:10:58.685891 Assertion error from coinlist
2021-01-28 17:11:16,524 SELECT CAST('test plain returns' AS VARCHAR(60)) AS anon_1
2021-01-28 17:11:16,525 ()
2021-01-28 17:11:16,529 SELECT CAST('test unicode returns' AS VARCHAR(60)) AS anon_1
2021-01-28 17:11:16,530 ()
2021-01-28 17:11:16,538 PRAGMA main.table_info("cryptoTable_data 2021.01.28 17:11")
2021-01-28 17:11:16,539 ()
2021-01-28 17:11:16,542 PRAGMA temp.table_info("cryptoTable_data 2021.01.28 17:11")
2021-01-28 17:11:16,544 ()
2021-01-28 17:11:16,585 
CREATE TABLE "cryptoTable_data 2021.01.28 17:11" (
	"index" BIGINT, 
	"DATE" TEXT, 
	"PRICE" TEXT, 
	"PRICE_CAP" TEXT, 
	"VOLUME24" TEXT, 
	"CIRCULATION" TEXT, 
	"NAME" TEXT
)


2021-01-28 17:11:16,609 ()
2021-01-28 17:11:16,628 COMMIT
2021-01-28 17:11:16,638 CREATE INDEX "ix_cryptoTable_data 2021.01.28 17:11_index" ON "cryptoTable_data 2021.01.28 17:11" ("index")
2021-01-28 17:11:16,639 ()
2021-01-28 17:11:16,649 COMMIT
2021-01-28 17:11:16,664 BEGIN (implicit)
2021-01-28 17:11:16,682 INSERT INTO "cryptoTable_data 2021.01.28 17:11" ("index", "DATE", "PRICE", "PRICE_CAP", "VOLUME24", "CIRCULATION", "NAME") VALUES (?, ?, ?, ?, ?, ?, ?)
2021-01-28 17:11:16,684 ((0, '01-28-2021, 17:11', '$31,958.00', '$594,827,609,349', '$51,233,613,400', '18,612,881', 'Bitcoin '), (1, '01-28-2021, 17:11', '$1,348.00', '$154,263,867,490', '$37,362,390,304', '114,438,663', 'Ethereum '), (2, '01-28-2021, 17:11', '$1.00', '$25,415,371,967', '$81,006,181,738', '25,407,887,282', 'Tether '), (3, '01-28-2021, 17:11', '$17.25', '$16,578,297,528', '$1,695,969,154', '957,946,563', 'Polkadot '), (4, '01-28-2021, 17:11', '$0.26', '$11,977,066,441', '$2,071,404,353', '45,556,139,051', 'XRP '), (5, '01-28-2021, 17:11', '$0.34', '$10,686,191,334', '$2,222,990,944', '31,112,484,646', 'Cardano '), (6, '01-28-2021, 17:11', '$23.94', '$9,616,550,664', '$2,602,749,093', '402,509,556', 'Chainlink '), (7, '01-28-2021, 17:11', '$130.55', '$8,664,247,630', '$5,127,456,376', '66,369,290', 'Litecoin ')  ... displaying 10 of 78 total bound parameter sets ...  (76, '01-28-2021, 17:11', '$0.00', '$233,952,700', '$142,048,311', '659,071,882,049', 'BitTorrent '), (77, '01-28-2021, 17:11', '$0.01', '$231,050,454', '$68,345,807', '45,363,555,000', 'Siacoin '))
2021-01-28 17:11:16,798 COMMIT
2021-01-28 17:11:16,825 SELECT name FROM sqlite_master WHERE type='table' ORDER BY name
2021-01-28 17:11:16,826 ()
2021-01-28 17:12:02,247 SELECT CAST('test plain returns' AS VARCHAR(60)) AS anon_1
2021-01-28 17:12:02,248 ()
2021-01-28 17:12:02,250 SELECT CAST('test unicode returns' AS VARCHAR(60)) AS anon_1
2021-01-28 17:12:02,264 ()
2021-01-28 17:12:02,268 PRAGMA main.table_info("newsTable_data 2021.01.28")
2021-01-28 17:12:02,268 ()
2021-01-28 17:12:02,270 PRAGMA temp.table_info("newsTable_data 2021.01.28")
2021-01-28 17:12:02,271 ()
2021-01-28 17:12:02,274 
CREATE TABLE "newsTable_data 2021.01.28" (
	"index" BIGINT, 
	"headLine" TEXT, 
	www TEXT
)


2021-01-28 17:12:02,276 ()
2021-01-28 17:12:02,289 COMMIT
2021-01-28 17:12:02,291 CREATE INDEX "ix_newsTable_data 2021.01.28_index" ON "newsTable_data 2021.01.28" ("index")
2021-01-28 17:12:02,292 ()
2021-01-28 17:12:02,302 COMMIT
2021-01-28 17:12:02,325 BEGIN (implicit)
2021-01-28 17:12:02,328 INSERT INTO "newsTable_data 2021.01.28" ("index", "headLine", www) VALUES (?, ?, ?)
2021-01-28 17:12:02,329 ((0, 'CANADA STOCKS-TSX recovers as materials, energy stocks gain', 'https://www.reuters.com/article/canada-stocks/canada-stocks-tsx-recovers-as-materials-energy-stocks-gain-idUSL4N2K33YA'), (1, 'Biden to delay immigration-related executive orders: reports', 'http://feeds.marketwatch.com/~r/marketwatch/marketpulse/~3/eNbIEKp5AY4/story.aspx'), (2, 'Stocks Edge Higher After Wall Street Selloff', 'https://www.wsj.com/articles/global-stock-markets-dow-update-01-28-2021-11611819327'), (3, "U.S. banking regulator freezes controversial 'fair access' rule", 'https://www.reuters.com/article/usa-regulator-banks/u-s-banking-regulator-freezes-controversial-fair-access-rule-idUSL1N2K31N5'), (4, 'WRAPUP 3-COVID-19 pummels U.S. economy in 2020; performance weakest in 74 years', 'https://www.reuters.com/article/usa-economy/wrapup-3-covid-19-pummels-u-s-economy-in-2020-performance-weakest-in-74-years-idUSL1N2K23PJ'), (5, 'UPDATE 2-Aramco will launch more share sales, Saudi crown prince says', 'https://www.reuters.com/article/saudi-investment-aramco/update-2-aramco-will-launch-more-share-sales-saudi-crown-prince-says-idUSL1N2K318P'), (6, 'COVID-19 pummels U.S. economy in 2020; performance weakest in 74 years', 'https://www.reuters.com/article/us-usa-economy/covid-19-pummels-u-s-economy-in-2020-performance-weakest-in-74-years-idUSKBN29X0I8'), (7, 'Charles Payne on GameStop: ‘Thrilled’ individual investors are making money', 'https://video.foxbusiness.com/v/6226936023001/')  ... displaying 10 of 89 total bound parameter sets ...  (87, 'GRAINS-Corn futures firm near 7-1/2 high year as China stays in focus', 'https://www.reuters.com/article/global-grains/grains-corn-futures-firm-near-7-1-2-high-year-as-china-stays-in-focus-idUSL1N2K30R2'), (88, 'Stocks making the biggest moves in the premarket: American Airlines, GameStop, Apple & more', 'https://www.cnbc.com/2021/01/28/stocks-making-the-biggest-moves-in-the-premarket-american-airlines-gamestop-apple-more.html'))
2021-01-28 17:12:02,338 COMMIT
2021-01-28 17:12:02,346 SELECT name FROM sqlite_master WHERE type='table' ORDER BY name
2021-01-28 17:12:02,347 ()
2021-01-28 17:12:28,042 SELECT CAST('test plain returns' AS VARCHAR(60)) AS anon_1
2021-01-28 17:12:28,043 ()
2021-01-28 17:12:28,044 SELECT CAST('test unicode returns' AS VARCHAR(60)) AS anon_1
2021-01-28 17:12:28,046 ()
2021-01-28 17:12:28,080 PRAGMA main.table_info("stockTable_data 2021.01.28 17:12")
2021-01-28 17:12:28,081 ()
2021-01-28 17:12:28,084 PRAGMA temp.table_info("stockTable_data 2021.01.28 17:12")
2021-01-28 17:12:28,086 ()
2021-01-28 17:12:28,089 
CREATE TABLE "stockTable_data 2021.01.28 17:12" (
	"index" TEXT, 
	"Low" TEXT, 
	"Last" TEXT, 
	"High" TEXT, 
	"Chg" TEXT, 
	"Chg%" TEXT
)


2021-01-28 17:12:28,119 ()
2021-01-28 17:12:28,129 COMMIT
2021-01-28 17:12:28,148 CREATE INDEX "ix_stockTable_data 2021.01.28 17:12_index" ON "stockTable_data 2021.01.28 17:12" ("index")
2021-01-28 17:12:28,149 ()
2021-01-28 17:12:28,157 COMMIT
2021-01-28 17:12:28,161 BEGIN (implicit)
2021-01-28 17:12:28,189 INSERT INTO "stockTable_data 2021.01.28 17:12" ("index", "Low", "Last", "High", "Chg", "Chg%") VALUES (?, ?, ?, ?, ?, ?)
2021-01-28 17:12:28,190 (('Dow Jones', '30,377.19', '30,737.68', '30,798.46', '+434.51', '+1.43%'), ('S&P 500', '3,772.10', '3,802.10', '3,806.46', '+51.33', '+1.37%'), ('Nasdaq', '13,316.52', '13,383.05', '13,400.62', '+112.45', '+0.85%'), ('Small Cap 2000', '2,114.75', '2,133.70', '2,135.70', '+24.10', '+1.14%'), ('S&P 500 VIX', '28.83', '29.27', '36.29', '-7.94', '-21.34%'), ('S&P/TSX', '17,537.12', '17,604.60', '17,617.30', '+180.17', '+1.03%'), ('Bovespa', '115,733.60', '117,494.33', '117,756.66', '+1612.03', '+1.39%'), ('S&P/BMV IPC', '44,214.36', '44,409.88', '44,578.61', '+147.87', '+0.33%')  ... displaying 10 of 45 total bound parameter sets ...  ('Karachi 100', '46,110.92', '46,166.05', '46,645.17', '-292.08', '-0.63%'), ('HNX 30', '327.81', '330.73', '349.37', '-17.54', '-5.04%'))
2021-01-28 17:12:28,196 COMMIT
2021-01-28 17:12:28,239 SELECT name FROM sqlite_master WHERE type='table' ORDER BY name
2021-01-28 17:12:28,240 ()
2021-01-28 17:12:41,871 SELECT CAST('test plain returns' AS VARCHAR(60)) AS anon_1
2021-01-28 17:12:41,872 ()
2021-01-28 17:12:41,873 SELECT CAST('test unicode returns' AS VARCHAR(60)) AS anon_1
2021-01-28 17:12:41,897 ()
2021-01-28 17:12:41,901 PRAGMA main.table_info("forexTable_data 2021.01.28 17:12")
2021-01-28 17:12:41,902 ()
2021-01-28 17:12:41,903 PRAGMA temp.table_info("forexTable_data 2021.01.28 17:12")
2021-01-28 17:12:41,905 ()
2021-01-28 17:12:41,908 
CREATE TABLE "forexTable_data 2021.01.28 17:12" (
	"index" TEXT, 
	"LongName" TEXT, 
	"CHG%" TEXT, 
	"High" TEXT, 
	"Bid" TEXT, 
	"Low" TEXT, 
	"Open" TEXT
)


2021-01-28 17:12:41,942 ()
2021-01-28 17:12:41,953 COMMIT
2021-01-28 17:12:41,958 CREATE INDEX "ix_forexTable_data 2021.01.28 17:12_index" ON "forexTable_data 2021.01.28 17:12" ("index")
2021-01-28 17:12:41,958 ()
2021-01-28 17:12:41,968 COMMIT
2021-01-28 17:12:41,978 BEGIN (implicit)
2021-01-28 17:12:41,996 INSERT INTO "forexTable_data 2021.01.28 17:12" ("index", "LongName", "CHG%", "High", "Bid", "Low", "Open") VALUES (?, ?, ?, ?, ?, ?, ?)
2021-01-28 17:12:41,997 (('EURGBP', 'Euro vs British Pound', '-0.07%', '0.8847', '0.8847', '0.8842', '0.8853'), ('EURJPY', 'Euro vs Japanese Yen', '0.42%', '126.5700', '126.5700', '126.0550', '126.0565'), ('EURUSD', 'Euro vs US Dollar', '0.25%', '1.2133', '1.2133', '1.2081', '1.2105'), ('GBPAUD', 'British Pound vs Australian Dollar', '0.31%', '1.7925', '1.7925', '1.7898', '1.7870'), ('GBPCAD', 'British Pound vs Canadian Dollar', '0.29%', '1.7571', '1.7571', '1.7523', '1.7523'), ('GBPCHF', 'British Pound vs Swiss Franc', '0.18%', '1.2176', '1.2176', '1.2123', '1.2157'), ('GBPEUR', 'British Pound vs Euro', '0.07%', '1.1302', '1.1302', '1.1257', '1.1295'), ('GBPJPY', 'British Pound vs Japanese Yen', '0.50%', '143.0480', '143.0480', '142.1900', '142.3840')  ... displaying 10 of 18 total bound parameter sets ...  ('USDGBP', 'US Dollar vs British Pound', '-0.33%', '0.7292', '0.7292', '0.7290', '0.7314'), ('USDJPY', 'US Dollar vs Japanese Yen', '0.17%', '104.3210', '104.3210', '104.2160', '104.1380'))
2021-01-28 17:12:42,001 COMMIT
2021-01-28 17:12:42,007 SELECT name FROM sqlite_master WHERE type='table' ORDER BY name
2021-01-28 17:12:42,008 ()
2021-01-28 17:12:44,545 2021-01-28 17:12:44.545999 Assertion error from coinlist
2021-01-28 17:12:58,914 SELECT CAST('test plain returns' AS VARCHAR(60)) AS anon_1
2021-01-28 17:12:58,915 ()
2021-01-28 17:12:58,916 SELECT CAST('test unicode returns' AS VARCHAR(60)) AS anon_1
2021-01-28 17:12:58,917 ()
2021-01-28 17:12:58,921 PRAGMA main.table_info("cryptoTable_data 2021.01.28 17:12")
2021-01-28 17:12:58,922 ()
2021-01-28 17:12:58,923 PRAGMA temp.table_info("cryptoTable_data 2021.01.28 17:12")
2021-01-28 17:12:58,927 ()
2021-01-28 17:12:58,929 
CREATE TABLE "cryptoTable_data 2021.01.28 17:12" (
	"index" BIGINT, 
	"DATE" TEXT, 
	"PRICE" TEXT, 
	"PRICE_CAP" TEXT, 
	"VOLUME24" TEXT, 
	"CIRCULATION" TEXT, 
	"NAME" TEXT
)


2021-01-28 17:12:58,972 ()
2021-01-28 17:12:58,983 COMMIT
2021-01-28 17:12:58,997 CREATE INDEX "ix_cryptoTable_data 2021.01.28 17:12_index" ON "cryptoTable_data 2021.01.28 17:12" ("index")
2021-01-28 17:12:58,999 ()
2021-01-28 17:12:59,006 COMMIT
2021-01-28 17:12:59,011 BEGIN (implicit)
2021-01-28 17:12:59,015 INSERT INTO "cryptoTable_data 2021.01.28 17:12" ("index", "DATE", "PRICE", "PRICE_CAP", "VOLUME24", "CIRCULATION", "NAME") VALUES (?, ?, ?, ?, ?, ?, ?)
2021-01-28 17:12:59,027 ((0, '01-28-2021, 17:12', '$31,958.00', '$594,827,609,349', '$51,233,613,400', '18,612,881', 'Bitcoin '), (1, '01-28-2021, 17:12', '$1,348.00', '$154,263,867,490', '$37,362,390,304', '114,438,663', 'Ethereum '), (2, '01-28-2021, 17:12', '$1.00', '$25,415,371,967', '$81,006,181,738', '25,407,887,282', 'Tether '), (3, '01-28-2021, 17:12', '$17.25', '$16,578,297,528', '$1,695,969,154', '957,946,563', 'Polkadot '), (4, '01-28-2021, 17:12', '$0.26', '$11,977,066,441', '$2,071,404,353', '45,556,139,051', 'XRP '), (5, '01-28-2021, 17:12', '$0.34', '$10,686,191,334', '$2,222,990,944', '31,112,484,646', 'Cardano '), (6, '01-28-2021, 17:12', '$23.94', '$9,616,550,664', '$2,602,749,093', '402,509,556', 'Chainlink '), (7, '01-28-2021, 17:12', '$130.55', '$8,664,247,630', '$5,127,456,376', '66,369,290', 'Litecoin ')  ... displaying 10 of 78 total bound parameter sets ...  (76, '01-28-2021, 17:12', '$0.00', '$233,952,700', '$142,048,311', '659,071,882,049', 'BitTorrent '), (77, '01-28-2021, 17:12', '$0.01', '$235,584,356', '$68,345,807', '45,363,555,000', 'Siacoin '))
2021-01-28 17:12:59,051 COMMIT
2021-01-28 17:12:59,058 SELECT name FROM sqlite_master WHERE type='table' ORDER BY name
2021-01-28 17:12:59,058 ()
2021-01-28 17:13:24,577 SELECT CAST('test plain returns' AS VARCHAR(60)) AS anon_1
2021-01-28 17:13:24,578 ()
2021-01-28 17:13:24,579 SELECT CAST('test unicode returns' AS VARCHAR(60)) AS anon_1
2021-01-28 17:13:24,581 ()
2021-01-28 17:13:24,616 PRAGMA main.table_info("newsTable_data 2021.01.28")
2021-01-28 17:13:24,636 ()
2021-01-28 17:13:24,639 BEGIN (implicit)
2021-01-28 17:13:24,642 INSERT INTO "newsTable_data 2021.01.28" ("index", "headLine", www) VALUES (?, ?, ?)
2021-01-28 17:13:24,643 ((0, 'CANADA STOCKS-TSX recovers as materials, energy stocks gain', 'https://www.reuters.com/article/canada-stocks/canada-stocks-tsx-recovers-as-materials-energy-stocks-gain-idUSL4N2K33YA'), (1, 'Biden to delay immigration-related executive orders: reports', 'http://feeds.marketwatch.com/~r/marketwatch/marketpulse/~3/eNbIEKp5AY4/story.aspx'), (2, 'Stocks Edge Higher After Wall Street Selloff', 'https://www.wsj.com/articles/global-stock-markets-dow-update-01-28-2021-11611819327'), (3, "U.S. banking regulator freezes controversial 'fair access' rule", 'https://www.reuters.com/article/usa-regulator-banks/u-s-banking-regulator-freezes-controversial-fair-access-rule-idUSL1N2K31N5'), (4, 'WRAPUP 3-COVID-19 pummels U.S. economy in 2020; performance weakest in 74 years', 'https://www.reuters.com/article/usa-economy/wrapup-3-covid-19-pummels-u-s-economy-in-2020-performance-weakest-in-74-years-idUSL1N2K23PJ'), (5, 'UPDATE 2-Aramco will launch more share sales, Saudi crown prince says', 'https://www.reuters.com/article/saudi-investment-aramco/update-2-aramco-will-launch-more-share-sales-saudi-crown-prince-says-idUSL1N2K318P'), (6, 'COVID-19 pummels U.S. economy in 2020; performance weakest in 74 years', 'https://www.reuters.com/article/us-usa-economy/covid-19-pummels-u-s-economy-in-2020-performance-weakest-in-74-years-idUSKBN29X0I8'), (7, 'Charles Payne on GameStop: ‘Thrilled’ individual investors are making money', 'https://video.foxbusiness.com/v/6226936023001/')  ... displaying 10 of 89 total bound parameter sets ...  (87, 'GRAINS-Corn futures firm near 7-1/2 high year as China stays in focus', 'https://www.reuters.com/article/global-grains/grains-corn-futures-firm-near-7-1-2-high-year-as-china-stays-in-focus-idUSL1N2K30R2'), (88, 'Stocks making the biggest moves in the premarket: American Airlines, GameStop, Apple & more', 'https://www.cnbc.com/2021/01/28/stocks-making-the-biggest-moves-in-the-premarket-american-airlines-gamestop-apple-more.html'))
2021-01-28 17:13:24,681 COMMIT
2021-01-28 17:13:24,721 SELECT name FROM sqlite_master WHERE type='table' ORDER BY name
2021-01-28 17:13:24,721 ()
2021-01-28 17:13:46,459 SELECT CAST('test plain returns' AS VARCHAR(60)) AS anon_1
2021-01-28 17:13:46,459 ()
2021-01-28 17:13:46,460 SELECT CAST('test unicode returns' AS VARCHAR(60)) AS anon_1
2021-01-28 17:13:46,462 ()
2021-01-28 17:13:46,491 PRAGMA main.table_info("stockTable_data 2021.01.28 17:13")
2021-01-28 17:13:46,492 ()
2021-01-28 17:13:46,495 PRAGMA temp.table_info("stockTable_data 2021.01.28 17:13")
2021-01-28 17:13:46,510 ()
2021-01-28 17:13:46,514 
CREATE TABLE "stockTable_data 2021.01.28 17:13" (
	"index" TEXT, 
	"Low" TEXT, 
	"Last" TEXT, 
	"High" TEXT, 
	"Chg" TEXT, 
	"Chg%" TEXT
)


2021-01-28 17:13:46,539 ()
2021-01-28 17:13:46,549 COMMIT
2021-01-28 17:13:46,560 CREATE INDEX "ix_stockTable_data 2021.01.28 17:13_index" ON "stockTable_data 2021.01.28 17:13" ("index")
2021-01-28 17:13:46,563 ()
2021-01-28 17:13:46,601 COMMIT
2021-01-28 17:13:46,619 BEGIN (implicit)
2021-01-28 17:13:46,621 INSERT INTO "stockTable_data 2021.01.28 17:13" ("index", "Low", "Last", "High", "Chg", "Chg%") VALUES (?, ?, ?, ?, ?, ?)
2021-01-28 17:13:46,622 (('Dow Jones', '30,377.19', '30,750.28', '30,798.46', '+447.11', '+1.48%'), ('S&P 500', '3,772.10', '3,802.90', '3,806.46', '+52.13', '+1.39%'), ('Nasdaq', '13,316.52', '13,399.80', '13,400.67', '+129.20', '+0.97%'), ('Small Cap 2000', '2,114.75', '2,132.05', '2,135.70', '+22.45', '+1.06%'), ('S&P 500 VIX', '28.83', '29.09', '36.29', '-8.12', '-21.82%'), ('S&P/TSX', '17,537.12', '17,616.32', '17,617.30', '+191.89', '+1.10%'), ('Bovespa', '115,733.60', '117,470.38', '117,756.66', '+1588.08', '+1.37%'), ('S&P/BMV IPC', '44,214.36', '44,423.10', '44,578.61', '+161.09', '+0.36%')  ... displaying 10 of 45 total bound parameter sets ...  ('Karachi 100', '46,110.92', '46,166.05', '46,645.17', '-292.08', '-0.63%'), ('HNX 30', '327.81', '330.73', '349.37', '-17.54', '-5.04%'))
2021-01-28 17:13:46,627 COMMIT
2021-01-28 17:13:46,634 SELECT name FROM sqlite_master WHERE type='table' ORDER BY name
2021-01-28 17:13:46,654 ()
